Epoch,Iteration,Train Loss,Train Accuracy,Validation Loss,Validation Accuracy
0,0,3.946731,0.515,10.646095,0.43
0,2000,1.673382,0.535,1.671504,0.57
0,4000,1.67523,0.49,1.671539,0.57
0,6000,1.67697,0.45,1.671561,0.57
0,8000,1.673342,0.53,1.671584,0.57
0,10000,1.676953,0.445,1.671613,0.57
0,12000,1.673298,0.53,1.671644,0.57
0,14000,1.674289,0.505,1.671673,0.57
0,16000,1.674627,0.495,1.671709,0.57
0,18000,1.676262,0.45,1.671746,0.57
0,20000,1.674315,0.5,1.671792,0.57
0,22000,1.673914,0.51,1.671835,0.57
1,0,1.67373,0.515,1.67185,0.57
1,2000,1.673042,0.535,1.671911,0.57
1,4000,1.674425,0.49,1.671973,0.57
1,6000,1.675503,0.45,1.672043,0.57
1,8000,1.67319,0.53,1.672099,0.57
1,10000,1.675385,0.445,1.672166,0.57
1,12000,1.673195,0.53,1.672225,0.57
1,14000,1.673782,0.505,1.672269,0.57
1,16000,1.67398,0.495,1.672324,0.57
1,18000,1.674899,0.45,1.672374,0.57
1,20000,1.673813,0.5,1.672439,0.57
1,22000,1.673605,0.51,1.672488,0.57
2,0,1.673509,0.515,1.672508,0.57
2,2000,1.673167,0.535,1.672588,0.57
2,4000,1.673882,0.49,1.672664,0.57
2,6000,1.674395,0.45,1.672747,0.57
2,8000,1.673307,0.53,1.672798,0.57
2,10000,1.674317,0.445,1.672865,0.57
2,12000,1.673341,0.53,1.672914,0.57
2,14000,1.673607,0.505,1.672933,0.57
2,16000,1.673702,0.495,1.672968,0.57
2,18000,1.674119,0.45,1.672995,0.57
2,20000,1.67364,0.5,1.673047,0.57
2,22000,1.673555,0.51,1.673071,0.57
3,0,1.673516,0.515,1.673084,0.57
3,2000,1.673386,0.535,1.673155,0.57
3,4000,1.673676,0.49,1.673218,0.57
3,6000,1.67385,0.45,1.673289,0.57
3,8000,1.673483,0.53,1.673313,0.57
3,10000,1.673806,0.445,1.673359,0.57
3,12000,1.673509,0.53,1.673381,0.57
3,14000,1.673589,0.505,1.673363,0.57
3,16000,1.673623,0.495,1.67337,0.57
3,18000,1.67378,0.45,1.673367,0.57
3,20000,1.673605,0.5,1.673398,0.57
3,22000,1.673575,0.51,1.673394,0.57
4,0,1.673561,0.515,1.673401,0.57
4,2000,1.673527,0.535,1.67346,0.57
4,4000,1.673615,0.49,1.673509,0.57
4,6000,1.673628,0.45,1.673569,0.57
4,8000,1.673589,0.53,1.67357,0.57
4,10000,1.673603,0.445,1.6736,0.57
4,12000,1.673602,0.47,1.673601,0.43
4,14000,1.673598,0.505,1.673557,0.57
4,16000,1.673604,0.495,1.673543,0.57
4,18000,1.673659,0.45,1.67352,0.57
4,20000,1.6736,0.5,1.67354,0.57
4,22000,1.673589,0.51,1.673519,0.57
5,0,1.673584,0.515,1.673524,0.57
5,2000,1.673586,0.535,1.67358,0.57
5,4000,1.673597,0.51,1.673623,0.43
5,6000,1.67355,0.55,1.673679,0.43
5,8000,1.673633,0.47,1.673669,0.43
5,10000,1.673532,0.555,1.673692,0.43
5,12000,1.673638,0.47,1.673683,0.43
5,14000,1.673602,0.495,1.673622,0.43
5,16000,1.6736,0.505,1.673598,0.57
5,18000,1.673626,0.45,1.673564,0.57
5,20000,1.6736,0.5,1.673581,0.57
5,22000,1.673594,0.51,1.673553,0.57
6,0,1.673591,0.515,1.673556,0.57
6,2000,1.673603,0.465,1.673615,0.43
6,4000,1.673593,0.51,1.67366,0.43
6,6000,1.673523,0.55,1.673719,0.43
6,8000,1.673648,0.47,1.673703,0.43
6,10000,1.673508,0.555,1.673724,0.43
6,12000,1.67365,0.47,1.67371,0.43
6,14000,1.673603,0.495,1.673637,0.43
6,16000,1.673599,0.505,1.673608,0.43
6,18000,1.673623,0.45,1.67357,0.57
6,20000,1.673601,0.5,1.673587,0.57
6,22000,1.673594,0.51,1.673554,0.57
7,0,1.673592,0.515,1.673558,0.57
7,2000,1.673606,0.465,1.673623,0.43
7,4000,1.673591,0.51,1.673672,0.43
7,6000,1.673512,0.55,1.673737,0.43
7,8000,1.673655,0.47,1.673716,0.43
7,10000,1.673498,0.555,1.673737,0.43
7,12000,1.673655,0.47,1.67372,0.43
7,14000,1.673603,0.495,1.673638,0.43
7,16000,1.673599,0.505,1.673606,0.43
7,18000,1.673627,0.45,1.673563,0.57
7,20000,1.6736,0.5,1.673583,0.57
7,22000,1.673593,0.51,1.673548,0.57
8,0,1.673591,0.515,1.673553,0.57
8,2000,1.673606,0.465,1.673624,0.43
8,4000,1.67359,0.51,1.673678,0.43
8,6000,1.673504,0.55,1.673748,0.43
8,8000,1.673659,0.47,1.673725,0.43
8,10000,1.673491,0.555,1.673747,0.43
8,12000,1.673658,0.47,1.673726,0.43
8,14000,1.673603,0.495,1.673636,0.43
8,16000,1.6736,0.505,1.673601,0.43
8,18000,1.673634,0.45,1.673555,0.57
8,20000,1.6736,0.5,1.673577,0.57
8,22000,1.673592,0.51,1.67354,0.57
9,0,1.673589,0.515,1.673545,0.57
9,2000,1.673606,0.465,1.673624,0.43
9,4000,1.673589,0.51,1.673684,0.43
9,6000,1.673497,0.55,1.673759,0.43
9,8000,1.673663,0.47,1.673732,0.43
9,10000,1.673485,0.555,1.673755,0.43
9,12000,1.673661,0.47,1.673731,0.43
9,14000,1.673603,0.495,1.673633,0.43
9,16000,1.6736,0.505,1.673594,0.57
9,18000,1.673641,0.45,1.673546,0.57
9,20000,1.6736,0.5,1.673571,0.57
9,22000,1.673591,0.51,1.673532,0.57
10,0,1.673587,0.515,1.673538,0.57
10,2000,1.673605,0.465,1.673625,0.43
10,4000,1.673589,0.51,1.673689,0.43
10,6000,1.67349,0.55,1.673771,0.43
10,8000,1.673667,0.47,1.67374,0.43
10,10000,1.673479,0.555,1.673763,0.43
10,12000,1.673663,0.47,1.673736,0.43
10,14000,1.673603,0.495,1.673629,0.43
10,16000,1.673601,0.495,1.673588,0.57
10,18000,1.673648,0.45,1.673536,0.57
10,20000,1.6736,0.5,1.673564,0.57
10,22000,1.67359,0.51,1.673523,0.57
11,0,1.673586,0.515,1.673531,0.57
11,2000,1.673605,0.465,1.673625,0.43
11,4000,1.673588,0.51,1.673695,0.43
11,6000,1.673483,0.55,1.673782,0.43
11,8000,1.673671,0.47,1.673748,0.43
11,10000,1.673474,0.555,1.673771,0.43
11,12000,1.673666,0.47,1.67374,0.43
11,14000,1.673603,0.495,1.673624,0.43
11,16000,1.673601,0.495,1.673581,0.57
11,18000,1.673656,0.45,1.673526,0.57
11,20000,1.6736,0.5,1.673558,0.57
11,22000,1.673589,0.51,1.673516,0.57
12,0,1.673584,0.515,1.673523,0.57
12,2000,1.673605,0.465,1.673626,0.43
12,4000,1.673587,0.51,1.673702,0.43
12,6000,1.673476,0.55,1.673795,0.43
12,8000,1.673675,0.47,1.673756,0.43
12,10000,1.673468,0.555,1.673779,0.43
12,12000,1.673668,0.47,1.673744,0.43
12,14000,1.673602,0.495,1.673619,0.43
12,16000,1.673602,0.495,1.673573,0.57
12,18000,1.673663,0.45,1.673516,0.57
12,20000,1.6736,0.5,1.673551,0.57
12,22000,1.673588,0.51,1.673508,0.57
